#
# A fatal error has been detected by the Java Runtime Environment:
#
#  EXCEPTION_ACCESS_VIOLATION (0xc0000005) at pc=0x00000000731e3798, pid=8212, tid=14060
#
# JRE version: Java(TM) SE Runtime Environment (8.0_91-b14) (build 1.8.0_91-b14)
# Java VM: Java HotSpot(TM) 64-Bit Server VM (25.91-b14 mixed mode windows-amd64 compressed oops)
# Problematic frame:
# V  [jvm.dll+0x113798]
#
# Failed to write core dump. Minidumps are not enabled by default on client versions of Windows
#
# If you would like to submit a bug report, please visit:
#   http://bugreport.java.com/bugreport/crash.jsp
#

---------------  T H R E A D  ---------------

Current thread (0x0000000002d2a000):  GCTaskThread [stack: 0x00000000131f0000,0x00000000132f0000] [id=14060]

siginfo: ExceptionCode=0xc0000005, reading address 0xffffffffffffffff

Registers:
RAX=0x00000000137f0000, RBX=0x00000005746d5b30, RCX=0x0000000000000000, RDX=0x0000000000000026
RSP=0x00000000132ef960, RBP=0x00000006c25ca6f4, RSI=0x0000000002e02210, RDI=0x0000000002e02210
R8 =0x007fffffff5966ad, R9 =0x00000007c01649d8, R10=0x000000000000000c, R11=0x00000000736c99b8
R12=0x00000006c25ca6fc, R13=0x00000007c0164cb0, R14=0x00000007c0164cb8, R15=0x00000006c25ca6d0
RIP=0x00000000731e3798, EFLAGS=0x0000000000010202

Top of Stack: (sp=0x00000000132ef960)
0x00000000132ef960:   00000007c01649d8 00000006c25ca6c0
0x00000000132ef970:   0000000000000006 00000000732ebab2
0x00000000132ef980:   0000000000000000 0000000002d2a5e0
0x00000000132ef990:   0000000002d1d250 0000000000000002
0x00000000132ef9a0:   00000000000000d1 00000000734c3a40
0x00000000132ef9b0:   000000001d4e56c8 0000000000000000
0x00000000132ef9c0:   0000000002e02210 000000007371b698
0x00000000132ef9d0:   00000006c2571ec0 0000000002e02210
0x00000000132ef9e0:   00000006c2571d90 0000000000000004
0x00000000132ef9f0:   00000006c2571ec0 0000000073209339
0x00000000132efa00:   000000001d4e5c08 0000003b00000006
0x00000000132efa10:   0000000002d2a000 0000000002d1d250
0x00000000132efa20:   0000000002d2a5f0 0000000002d2a5e0
0x00000000132efa30:   000000007371b698 0000000000000002
0x00000000132efa40:   0000000021e841b0 0000000000000000
0x00000000132efa50:   0000000002e02210 00000000734c1290 

Instructions: (pc=0x00000000731e3798)
0x00000000731e3778:   05 f3 f7 6f 00 49 c1 e8 03 49 d3 e8 41 0f b6 c0
0x00000000731e3788:   49 c1 e8 06 24 3f 0f b6 d0 48 8b 05 08 f8 6f 00
0x00000000731e3798:   4a 8b 0c c0 48 0f a3 d1 0f 82 59 01 00 00 0f b6
0x00000000731e37a8:   15 84 04 6f 00 84 d2 74 16 44 8b 43 08 8b 0d e5 


Register to memory mapping:

RAX=0x00000000137f0000 is an unknown value
RBX=0x00000005746d5b30 is an unknown value
RCX=0x0000000000000000 is an unknown value
RDX=0x0000000000000026 is an unknown value
RSP=0x00000000132ef960 is an unknown value
RBP=0x00000006c25ca6f4 is pointing into object: 0x00000006c25ca6d0
org.sonatype.aether.util.artifact.DefaultArtifact 
 - klass: 'org/sonatype/aether/util/artifact/DefaultArtifact'
RSI=0x0000000002e02210 is an unknown value
RDI=0x0000000002e02210 is an unknown value
R8 =0x007fffffff5966ad is an unknown value
R9 =0x00000007c01649d8 is pointing into metadata
R10=0x000000000000000c is an unknown value
R11=0x00000000736c99b8 is an unknown value
R12=0x00000006c25ca6fc is pointing into object: 0x00000006c25ca6d0
org.sonatype.aether.util.artifact.DefaultArtifact 
 - klass: 'org/sonatype/aether/util/artifact/DefaultArtifact'
R13=0x00000007c0164cb0 is pointing into metadata
R14=0x00000007c0164cb8 is pointing into metadata
R15=0x00000006c25ca6d0 is an oop
org.sonatype.aether.util.artifact.DefaultArtifact 
 - klass: 'org/sonatype/aether/util/artifact/DefaultArtifact'


Stack: [0x00000000131f0000,0x00000000132f0000],  sp=0x00000000132ef960,  free space=1022k
Native frames: (J=compiled Java code, j=interpreted, Vv=VM code, C=native code)
V  [jvm.dll+0x113798]
V  [jvm.dll+0x3f3a40]
V  [jvm.dll+0x3f1290]
V  [jvm.dll+0x3ee81e]
V  [jvm.dll+0x29a99a]
C  [msvcr100.dll+0x21d9f]
C  [msvcr100.dll+0x21e3b]
C  [KERNEL32.DLL+0x13034]
C  [ntdll.dll+0x71431]


---------------  P R O C E S S  ---------------

Java Threads: ( => current thread )
  0x000000001e8b4800 JavaThread "Service Thread" daemon [_thread_blocked, id=2996, stack(0x000000001f3e0000,0x000000001f4e0000)]
  0x000000001e827800 JavaThread "C1 CompilerThread3" daemon [_thread_blocked, id=2316, stack(0x000000001f2e0000,0x000000001f3e0000)]
  0x000000001e821000 JavaThread "C2 CompilerThread2" daemon [_thread_in_native, id=4452, stack(0x000000001f1e0000,0x000000001f2e0000)]
  0x000000001e81f000 JavaThread "C2 CompilerThread1" daemon [_thread_blocked, id=14672, stack(0x000000001f0e0000,0x000000001f1e0000)]
  0x000000001e81a800 JavaThread "C2 CompilerThread0" daemon [_thread_blocked, id=13816, stack(0x000000001efe0000,0x000000001f0e0000)]
  0x000000001e817000 JavaThread "Attach Listener" daemon [_thread_blocked, id=356, stack(0x000000001eee0000,0x000000001efe0000)]
  0x000000001e816000 JavaThread "Signal Dispatcher" daemon [_thread_blocked, id=3988, stack(0x000000001ede0000,0x000000001eee0000)]
  0x0000000002e0d800 JavaThread "Finalizer" daemon [_thread_blocked, id=9676, stack(0x000000001ebf0000,0x000000001ecf0000)]
  0x0000000002e07000 JavaThread "Reference Handler" daemon [_thread_blocked, id=11344, stack(0x000000001e6f0000,0x000000001e7f0000)]
  0x0000000002ede000 JavaThread "main" [_thread_blocked, id=624, stack(0x0000000002bb0000,0x0000000002cb0000)]

Other Threads:
  0x000000001c908800 VMThread [stack: 0x000000001e5f0000,0x000000001e6f0000] [id=13784]
  0x000000001e8d7800 WatcherThread [stack: 0x000000001f4e0000,0x000000001f5e0000] [id=3120]

=>0x0000000002d2a000 (exited) GCTaskThread [stack: 0x00000000131f0000,0x00000000132f0000] [id=14060]

VM state:at safepoint (normal execution)

VM Mutex/Monitor currently owned by a thread:  ([mutex/lock_event])
[0x0000000002edc8f0] Threads_lock - owner thread: 0x000000001c908800
[0x0000000002edcb70] Heap_lock - owner thread: 0x0000000002ede000

Heap:
 PSYoungGen      total 141824K, used 10750K [0x000000076b380000, 0x000000077e380000, 0x00000007c0000000)
  eden space 131072K, 0% used [0x000000076b380000,0x000000076b380000,0x0000000773380000)
  from space 10752K, 99% used [0x0000000773380000,0x0000000773dffaa8,0x0000000773e00000)
  to   space 24576K, 0% used [0x000000077cb80000,0x000000077cb80000,0x000000077e380000)
 ParOldGen       total 175104K, used 18246K [0x00000006c1a00000, 0x00000006cc500000, 0x000000076b380000)
  object space 175104K, 10% used [0x00000006c1a00000,0x00000006c2bd1a58,0x00000006cc500000)
 Metaspace       used 20797K, capacity 21232K, committed 21296K, reserved 1069056K
  class space    used 2414K, capacity 2584K, committed 2608K, reserved 1048576K

Card table byte_map: [0x00000000122a0000,0x0000000012aa0000] byte_map_base: 0x000000000ec93000

Marking Bits: (ParMarkBitMap*) 0x00000000738e2f70
 Begin Bits: [0x00000000137f0000, 0x0000000017788000)
 End Bits:   [0x0000000017788000, 0x000000001b720000)

Polling page: 0x0000000001360000

CodeCache: size=245760Kb used=13400Kb max_used=13413Kb free=232359Kb
 bounds [0x0000000002ee0000, 0x0000000003c10000, 0x0000000011ee0000]
 total_blobs=4185 nmethods=3809 adapters=288
 compilation: enabled

Compilation events (10 events):
Event: 14.116 Thread 0x000000001e81f000 nmethod 4272 0x0000000003c03e10 code [0x0000000003c03fc0, 0x0000000003c046c8]
Event: 14.116 Thread 0x000000001e81f000 4286       4       java.io.WinNTFileSystem::parentOrNull (171 bytes)
Event: 14.117 Thread 0x000000001e827800 4289       3       com.sun.tools.javac.file.RelativePath::getFile (33 bytes)
Event: 14.117 Thread 0x000000001e827800 nmethod 4289 0x0000000003bfdad0 code [0x0000000003bfdc60, 0x0000000003bfe058]
Event: 14.129 Thread 0x000000001e827800 4290       3       com.sun.tools.javac.jvm.ClassReader::indexPool (260 bytes)
Event: 14.132 Thread 0x000000001e827800 nmethod 4290 0x0000000003bfc590 code [0x0000000003bfc7e0, 0x0000000003bfd4b8]
Event: 14.132 Thread 0x000000001e827800 4291       3       com.sun.tools.javac.file.ZipFileIndex$DirectoryEntry::getFiles (75 bytes)
Event: 14.134 Thread 0x000000001e827800 nmethod 4291 0x0000000003bfb4d0 code [0x0000000003bfb6c0, 0x0000000003bfc128]
Event: 14.146 Thread 0x000000001e81f000 nmethod 4286 0x0000000003bfa410 code [0x0000000003bfa5a0, 0x0000000003bfad98]
Event: 14.146 Thread 0x000000001e81f000 4261       4       com.sun.tools.javac.parser.JavacParser$SimpleEndPosTable::toP (22 bytes)

GC Heap History (10 events):
Event: 2.838 GC heap after
Heap after GC invocations=1 (full 0):
 PSYoungGen      total 76288K, used 10382K [0x000000076b380000, 0x0000000770880000, 0x00000007c0000000)
  eden space 65536K, 0% used [0x000000076b380000,0x000000076b380000,0x000000076f380000)
  from space 10752K, 96% used [0x000000076f380000,0x000000076fda3bc0,0x000000076fe00000)
  to   space 10752K, 0% used [0x000000076fe00000,0x000000076fe00000,0x0000000770880000)
 ParOldGen       total 175104K, used 16K [0x00000006c1a00000, 0x00000006cc500000, 0x000000076b380000)
  object space 175104K, 0% used [0x00000006c1a00000,0x00000006c1a04000,0x00000006cc500000)
 Metaspace       used 11803K, capacity 12008K, committed 12288K, reserved 1060864K
  class space    used 1460K, capacity 1505K, committed 1536K, reserved 1048576K
}
Event: 4.003 GC heap before
{Heap before GC invocations=2 (full 0):
 PSYoungGen      total 76288K, used 75918K [0x000000076b380000, 0x0000000770880000, 0x00000007c0000000)
  eden space 65536K, 100% used [0x000000076b380000,0x000000076f380000,0x000000076f380000)
  from space 10752K, 96% used [0x000000076f380000,0x000000076fda3bc0,0x000000076fe00000)
  to   space 10752K, 0% used [0x000000076fe00000,0x000000076fe00000,0x0000000770880000)
 ParOldGen       total 175104K, used 16K [0x00000006c1a00000, 0x00000006cc500000, 0x000000076b380000)
  object space 175104K, 0% used [0x00000006c1a00000,0x00000006c1a04000,0x00000006cc500000)
 Metaspace       used 12504K, capacity 12746K, committed 12928K, reserved 1060864K
  class space    used 1516K, capacity 1578K, committed 1664K, reserved 1048576K
Event: 4.022 GC heap after
Heap after GC invocations=2 (full 0):
 PSYoungGen      total 76288K, used 7718K [0x000000076b380000, 0x0000000774880000, 0x00000007c0000000)
  eden space 65536K, 0% used [0x000000076b380000,0x000000076b380000,0x000000076f380000)
  from space 10752K, 71% used [0x000000076fe00000,0x00000007705899c0,0x0000000770880000)
  to   space 10752K, 0% used [0x000000076f380000,0x000000076f380000,0x000000076fe00000)
 ParOldGen       total 175104K, used 24K [0x00000006c1a00000, 0x00000006cc500000, 0x000000076b380000)
  object space 175104K, 0% used [0x00000006c1a00000,0x00000006c1a06000,0x00000006cc500000)
 Metaspace       used 12504K, capacity 12746K, committed 12928K, reserved 1060864K
  class space    used 1516K, capacity 1578K, committed 1664K, reserved 1048576K
}
Event: 5.185 GC heap before
{Heap before GC invocations=3 (full 0):
 PSYoungGen      total 76288K, used 73254K [0x000000076b380000, 0x0000000774880000, 0x00000007c0000000)
  eden space 65536K, 100% used [0x000000076b380000,0x000000076f380000,0x000000076f380000)
  from space 10752K, 71% used [0x000000076fe00000,0x00000007705899c0,0x0000000770880000)
  to   space 10752K, 0% used [0x000000076f380000,0x000000076f380000,0x000000076fe00000)
 ParOldGen       total 175104K, used 24K [0x00000006c1a00000, 0x00000006cc500000, 0x000000076b380000)
  object space 175104K, 0% used [0x00000006c1a00000,0x00000006c1a06000,0x00000006cc500000)
 Metaspace       used 12725K, capacity 13002K, committed 13184K, reserved 1060864K
  class space    used 1524K, capacity 1617K, committed 1664K, reserved 1048576K
Event: 5.209 GC heap after
Heap after GC invocations=3 (full 0):
 PSYoungGen      total 76288K, used 10272K [0x000000076b380000, 0x0000000774880000, 0x00000007c0000000)
  eden space 65536K, 0% used [0x000000076b380000,0x000000076b380000,0x000000076f380000)
  from space 10752K, 95% used [0x000000076f380000,0x000000076fd88020,0x000000076fe00000)
  to   space 10752K, 0% used [0x0000000773e00000,0x0000000773e00000,0x0000000774880000)
 ParOldGen       total 175104K, used 32K [0x00000006c1a00000, 0x00000006cc500000, 0x000000076b380000)
  object space 175104K, 0% used [0x00000006c1a00000,0x00000006c1a08000,0x00000006cc500000)
 Metaspace       used 12725K, capacity 13002K, committed 13184K, reserved 1060864K
  class space    used 1524K, capacity 1617K, committed 1664K, reserved 1048576K
}
Event: 9.196 GC heap before
{Heap before GC invocations=4 (full 0):
 PSYoungGen      total 76288K, used 75808K [0x000000076b380000, 0x0000000774880000, 0x00000007c0000000)
  eden space 65536K, 100% used [0x000000076b380000,0x000000076f380000,0x000000076f380000)
  from space 10752K, 95% used [0x000000076f380000,0x000000076fd88020,0x000000076fe00000)
  to   space 10752K, 0% used [0x0000000773e00000,0x0000000773e00000,0x0000000774880000)
 ParOldGen       total 175104K, used 32K [0x00000006c1a00000, 0x00000006cc500000, 0x000000076b380000)
  object space 175104K, 0% used [0x00000006c1a00000,0x00000006c1a08000,0x00000006cc500000)
 Metaspace       used 14193K, capacity 14526K, committed 14720K, reserved 1062912K
  class space    used 1677K, capacity 1799K, committed 1920K, reserved 1048576K
Event: 9.231 GC heap after
Heap after GC invocations=4 (full 0):
 PSYoungGen      total 141824K, used 10736K [0x000000076b380000, 0x0000000774880000, 0x00000007c0000000)
  eden space 131072K, 0% used [0x000000076b380000,0x000000076b380000,0x0000000773380000)
  from space 10752K, 99% used [0x0000000773e00000,0x000000077487c010,0x0000000774880000)
  to   space 10752K, 0% used [0x0000000773380000,0x0000000773380000,0x0000000773e00000)
 ParOldGen       total 175104K, used 3141K [0x00000006c1a00000, 0x00000006cc500000, 0x000000076b380000)
  object space 175104K, 1% used [0x00000006c1a00000,0x00000006c1d11740,0x00000006cc500000)
 Metaspace       used 14193K, capacity 14526K, committed 14720K, reserved 1062912K
  class space    used 1677K, capacity 1799K, committed 1920K, reserved 1048576K
}
Event: 14.159 GC heap before
{Heap before GC invocations=5 (full 0):
 PSYoungGen      total 141824K, used 110158K [0x000000076b380000, 0x0000000774880000, 0x00000007c0000000)
  eden space 131072K, 75% used [0x000000076b380000,0x00000007714978f0,0x0000000773380000)
  from space 10752K, 99% used [0x0000000773e00000,0x000000077487c010,0x0000000774880000)
  to   space 10752K, 0% used [0x0000000773380000,0x0000000773380000,0x0000000773e00000)
 ParOldGen       total 175104K, used 3141K [0x00000006c1a00000, 0x00000006cc500000, 0x000000076b380000)
  object space 175104K, 1% used [0x00000006c1a00000,0x00000006c1d11740,0x00000006cc500000)
 Metaspace       used 20797K, capacity 21232K, committed 21296K, reserved 1069056K
  class space    used 2414K, capacity 2584K, committed 2608K, reserved 1048576K
Event: 14.209 GC heap after
Heap after GC invocations=5 (full 0):
 PSYoungGen      total 141824K, used 10750K [0x000000076b380000, 0x000000077e380000, 0x00000007c0000000)
  eden space 131072K, 0% used [0x000000076b380000,0x000000076b380000,0x0000000773380000)
  from space 10752K, 99% used [0x0000000773380000,0x0000000773dffaa8,0x0000000773e00000)
  to   space 24576K, 0% used [0x000000077cb80000,0x000000077cb80000,0x000000077e380000)
 ParOldGen       total 175104K, used 18246K [0x00000006c1a00000, 0x00000006cc500000, 0x000000076b380000)
  object space 175104K, 10% used [0x00000006c1a00000,0x00000006c2bd1a58,0x00000006cc500000)
 Metaspace       used 20797K, capacity 21232K, committed 21296K, reserved 1069056K
  class space    used 2414K, capacity 2584K, committed 2608K, reserved 1048576K
}
Event: 14.209 GC heap before
{Heap before GC invocations=6 (full 1):
 PSYoungGen      total 141824K, used 10750K [0x000000076b380000, 0x000000077e380000, 0x00000007c0000000)
  eden space 131072K, 0% used [0x000000076b380000,0x000000076b380000,0x0000000773380000)
  from space 10752K, 99% used [0x0000000773380000,0x0000000773dffaa8,0x0000000773e00000)
  to   space 24576K, 0% used [0x000000077cb80000,0x000000077cb80000,0x000000077e380000)
 ParOldGen       total 175104K, used 18246K [0x00000006c1a00000, 0x00000006cc500000, 0x000000076b380000)
  object space 175104K, 10% used [0x00000006c1a00000,0x00000006c2bd1a58,0x00000006cc500000)
 Metaspace       used 20797K, capacity 21232K, committed 21296K, reserved 1069056K
  class space    used 2414K, capacity 2584K, committed 2608K, reserved 1048576K

Deoptimization events (10 events):
Event: 13.538 Thread 0x0000000002ede000 Uncommon trap: reason=unstable_if action=reinterpret pc=0x0000000003952f0c method=java.util.concurrent.ConcurrentHashMap.putVal(Ljava/lang/Object;Ljava/lang/Object;Z)Ljava/lang/Object; @ 181
Event: 13.644 Thread 0x0000000002ede000 Uncommon trap: reason=unstable_if action=reinterpret pc=0x0000000003ae7464 method=com.sun.tools.javac.util.SharedNameTable.fromChars([CII)Lcom/sun/tools/javac/util/Name; @ 171
Event: 13.652 Thread 0x0000000002ede000 Uncommon trap: reason=unstable_if action=reinterpret pc=0x00000000034264f0 method=java.lang.StringCoding.decode(Ljava/lang/String;[BII)[C @ 38
Event: 13.652 Thread 0x0000000002ede000 Uncommon trap: reason=unstable_if action=reinterpret pc=0x000000000324c714 method=java.lang.StringCoding.decode(Ljava/lang/String;[BII)[C @ 38
Event: 13.883 Thread 0x0000000002ede000 Uncommon trap: reason=unstable_if action=reinterpret pc=0x00000000030cbdd0 method=com.sun.tools.javac.parser.UnicodeReader.scanChar()V @ 37
Event: 13.955 Thread 0x0000000002ede000 Uncommon trap: reason=unstable_if action=reinterpret pc=0x0000000003b3f79c method=com.sun.tools.javac.file.ZipFileIndex.isUpToDate()Z @ 32
Event: 14.046 Thread 0x0000000002ede000 Uncommon trap: reason=speculate_class_check action=maybe_recompile pc=0x0000000003ba7ffc method=com.sun.tools.javac.code.Scope.enter(Lcom/sun/tools/javac/code/Symbol;Lcom/sun/tools/javac/code/Scope;)V @ 5
Event: 14.057 Thread 0x0000000002ede000 Uncommon trap: reason=speculate_class_check action=maybe_recompile pc=0x0000000003ba7ffc method=com.sun.tools.javac.code.Scope.enter(Lcom/sun/tools/javac/code/Symbol;Lcom/sun/tools/javac/code/Scope;)V @ 5
Event: 14.058 Thread 0x0000000002ede000 Uncommon trap: reason=speculate_class_check action=maybe_recompile pc=0x0000000003ba7ffc method=com.sun.tools.javac.code.Scope.enter(Lcom/sun/tools/javac/code/Symbol;Lcom/sun/tools/javac/code/Scope;)V @ 5
Event: 14.058 Thread 0x0000000002ede000 Uncommon trap: reason=speculate_class_check action=maybe_recompile pc=0x0000000003ba7ffc method=com.sun.tools.javac.code.Scope.enter(Lcom/sun/tools/javac/code/Symbol;Lcom/sun/tools/javac/code/Scope;)V @ 5

Internal exceptions (10 events):
Event: 5.526 Thread 0x0000000002ede000 Implicit null exception at 0x0000000003690758 to 0x0000000003691b65
Event: 5.592 Thread 0x0000000002ede000 Implicit null exception at 0x000000000324c3bb to 0x000000000324c9ad
Event: 6.011 Thread 0x0000000002ede000 Exception <a 'java/lang/NoClassDefFoundError': org/slf4j/Logger> (0x000000076d7d1268) thrown at [C:\re\workspace\8-2-build-windows-amd64-cygwin\jdk8u91\6644\hotspot\src\share\vm\oops\constantPool.cpp, line 235]
Event: 6.742 Thread 0x0000000002ede000 Exception <a 'java/lang/NoClassDefFoundError': org/slf4j/Logger> (0x000000076ea86638) thrown at [C:\re\workspace\8-2-build-windows-amd64-cygwin\jdk8u91\6644\hotspot\src\share\vm\oops\constantPool.cpp, line 235]
Event: 9.663 Thread 0x0000000002ede000 Exception <a 'java/lang/NoClassDefFoundError': org/slf4j/Logger> (0x000000076c40bbe8) thrown at [C:\re\workspace\8-2-build-windows-amd64-cygwin\jdk8u91\6644\hotspot\src\share\vm\oops\constantPool.cpp, line 235]
Event: 9.936 Thread 0x0000000002ede000 Exception <a 'java/lang/ClassNotFoundException': com/sun/tools/javac/api/JavacTool> (0x000000076c89a9b8) thrown at [C:\re\workspace\8-2-build-windows-amd64-cygwin\jdk8u91\6644\hotspot\src\share\vm\classfile\systemDictionary.cpp, line 210]
Event: 11.168 Thread 0x0000000002ede000 Exception <a 'java/io/FileNotFoundException'> (0x000000076deb98a8) thrown at [C:\re\workspace\8-2-build-windows-amd64-cygwin\jdk8u91\6644\hotspot\src\share\vm\prims\jni.cpp, line 709]
Event: 11.174 Thread 0x0000000002ede000 Exception <a 'java/io/FileNotFoundException'> (0x000000076deedcb8) thrown at [C:\re\workspace\8-2-build-windows-amd64-cygwin\jdk8u91\6644\hotspot\src\share\vm\prims\jni.cpp, line 709]
Event: 13.955 Thread 0x0000000002ede000 Exception <a 'java/io/FileNotFoundException'> (0x0000000770fb4260) thrown at [C:\re\workspace\8-2-build-windows-amd64-cygwin\jdk8u91\6644\hotspot\src\share\vm\prims\jni.cpp, line 709]
Event: 13.957 Thread 0x0000000002ede000 Exception <a 'java/io/FileNotFoundException'> (0x0000000770fb5d40) thrown at [C:\re\workspace\8-2-build-windows-amd64-cygwin\jdk8u91\6644\hotspot\src\share\vm\prims\jni.cpp, line 709]

Events (10 events):
Event: 14.057 Thread 0x0000000002ede000 DEOPT UNPACKING pc=0x0000000002f2582a sp=0x0000000002cad500 mode 2
Event: 14.058 Thread 0x0000000002ede000 Uncommon trap: trap_request=0xffffff76 fr.pc=0x0000000003ba7ffc
Event: 14.058 Thread 0x0000000002ede000 DEOPT PACKING pc=0x0000000003ba7ffc sp=0x0000000002cad590
Event: 14.058 Thread 0x0000000002ede000 DEOPT UNPACKING pc=0x0000000002f2582a sp=0x0000000002cad500 mode 2
Event: 14.058 Thread 0x0000000002ede000 Uncommon trap: trap_request=0xffffff76 fr.pc=0x0000000003ba7ffc
Event: 14.058 Thread 0x0000000002ede000 DEOPT PACKING pc=0x0000000003ba7ffc sp=0x0000000002cad590
Event: 14.058 Thread 0x0000000002ede000 DEOPT UNPACKING pc=0x0000000002f2582a sp=0x0000000002cad500 mode 2
Event: 14.159 loading class com/sun/tools/javac/comp/MemberEnter$1
Event: 14.159 loading class com/sun/tools/javac/comp/MemberEnter$1 done
Event: 14.159 Executing VM operation: CollectForMetadataAllocation


Dynamic libraries:
0x00007ff72e350000 - 0x00007ff72e387000 	C:\Program Files\Java\jdk1.8.0_91\bin\java.exe
0x00007ff84bd70000 - 0x00007ff84bf51000 	C:\WINDOWS\SYSTEM32\ntdll.dll
0x00007ff849c20000 - 0x00007ff849cd2000 	C:\WINDOWS\System32\KERNEL32.DLL
0x00007ff848850000 - 0x00007ff848ac3000 	C:\WINDOWS\System32\KERNELBASE.dll
0x00007ff849960000 - 0x00007ff849a01000 	C:\WINDOWS\System32\ADVAPI32.dll
0x00007ff8498c0000 - 0x00007ff84995e000 	C:\WINDOWS\System32\msvcrt.dll
0x00007ff84a3a0000 - 0x00007ff84a3fb000 	C:\WINDOWS\System32\sechost.dll
0x00007ff84ba00000 - 0x00007ff84bb24000 	C:\WINDOWS\System32\RPCRT4.dll
0x00007ff849200000 - 0x00007ff849390000 	C:\WINDOWS\System32\USER32.dll
0x00007ff8491e0000 - 0x00007ff849200000 	C:\WINDOWS\System32\win32u.dll
0x00007ff849ec0000 - 0x00007ff849ee8000 	C:\WINDOWS\System32\GDI32.dll
0x00007ff848f40000 - 0x00007ff8490d2000 	C:\WINDOWS\System32\gdi32full.dll
0x00007ff848ea0000 - 0x00007ff848f3f000 	C:\WINDOWS\System32\msvcp_win.dll
0x00007ff848ad0000 - 0x00007ff848bca000 	C:\WINDOWS\System32\ucrtbase.dll
0x00007ff830b90000 - 0x00007ff830df9000 	C:\WINDOWS\WinSxS\amd64_microsoft.windows.common-controls_6595b64144ccf1df_6.0.17134.228_none_fb4599993062b194\COMCTL32.dll
0x00007ff84a060000 - 0x00007ff84a383000 	C:\WINDOWS\System32\combase.dll
0x00007ff848dc0000 - 0x00007ff848e3a000 	C:\WINDOWS\System32\bcryptPrimitives.dll
0x00007ff849bf0000 - 0x00007ff849c1d000 	C:\WINDOWS\System32\IMM32.DLL
0x0000000072ff0000 - 0x00000000730c2000 	C:\Program Files\Java\jdk1.8.0_91\jre\bin\msvcr100.dll
0x00000000730d0000 - 0x0000000073963000 	C:\Program Files\Java\jdk1.8.0_91\jre\bin\server\jvm.dll
0x00007ff84a390000 - 0x00007ff84a398000 	C:\WINDOWS\System32\PSAPI.DLL
0x00007ff845f40000 - 0x00007ff845f49000 	C:\WINDOWS\SYSTEM32\WSOCK32.dll
0x00007ff8459b0000 - 0x00007ff8459d3000 	C:\WINDOWS\SYSTEM32\WINMM.dll
0x00007ff8389e0000 - 0x00007ff8389ea000 	C:\WINDOWS\SYSTEM32\VERSION.dll
0x00007ff849b80000 - 0x00007ff849bec000 	C:\WINDOWS\System32\WS2_32.dll
0x00007ff845980000 - 0x00007ff8459aa000 	C:\WINDOWS\SYSTEM32\WINMMBASE.dll
0x00007ff849190000 - 0x00007ff8491d9000 	C:\WINDOWS\System32\cfgmgr32.dll
0x0000000072fa0000 - 0x0000000072faf000 	C:\Program Files\Java\jdk1.8.0_91\jre\bin\verify.dll
0x0000000072f70000 - 0x0000000072f99000 	C:\Program Files\Java\jdk1.8.0_91\jre\bin\java.dll
0x0000000072f50000 - 0x0000000072f66000 	C:\Program Files\Java\jdk1.8.0_91\jre\bin\zip.dll
0x00007ff84a5c0000 - 0x00007ff84ba00000 	C:\WINDOWS\System32\SHELL32.dll
0x00007ff849810000 - 0x00007ff8498b9000 	C:\WINDOWS\System32\shcore.dll
0x00007ff848140000 - 0x00007ff84884d000 	C:\WINDOWS\System32\windows.storage.dll
0x00007ff84bce0000 - 0x00007ff84bd31000 	C:\WINDOWS\System32\shlwapi.dll
0x00007ff848120000 - 0x00007ff848131000 	C:\WINDOWS\System32\kernel.appcore.dll
0x00007ff848080000 - 0x00007ff84809f000 	C:\WINDOWS\System32\profapi.dll
0x00007ff8480d0000 - 0x00007ff84811c000 	C:\WINDOWS\System32\powrprof.dll
0x00007ff8480c0000 - 0x00007ff8480ca000 	C:\WINDOWS\System32\FLTLIB.DLL
0x0000000072f30000 - 0x0000000072f4a000 	C:\Program Files\Java\jdk1.8.0_91\jre\bin\net.dll
0x00007ff847900000 - 0x00007ff847966000 	C:\WINDOWS\system32\mswsock.dll
0x0000000072f10000 - 0x0000000072f21000 	C:\Program Files\Java\jdk1.8.0_91\jre\bin\nio.dll
0x00007ff838810000 - 0x00007ff8389d9000 	C:\WINDOWS\SYSTEM32\dbghelp.dll

VM Arguments:
jvm_args: -Dclassworlds.conf=C:\Program Files\NetBeans 8.1\java\maven\bin\m2.conf -Dmaven.home=C:\Program Files\NetBeans 8.1\java\maven 
java_command: org.codehaus.plexus.classworlds.launcher.Launcher -Dmaven.ext.class.path=C:\Program Files\NetBeans 8.1\java\maven-nblib\netbeans-eventspy.jar -Dfile.encoding=UTF-8 clean install
java_class_path (initial): C:\Program Files\NetBeans 8.1\java\maven\boot\plexus-classworlds-2.4.jar
Launcher Type: SUN_STANDARD

Environment Variables:
JAVA_HOME=C:\Program Files\Java\jdk1.8.0_91
PATH=C:\Program Files\Docker\Docker\Resources\bin;C:\Program Files (x86)\Common Files\Oracle\Java\javapath;C:\WINDOWS\system32;C:\WINDOWS;C:\WINDOWS\System32\Wbem;C:\WINDOWS\System32\WindowsPowerShell\v1.0\;C:\Program Files (x86)\PuTTY\;C:\Program Files\Git\cmd;C:\Program Files (x86)\MySQL\MySQL Fabric 1.5 & MySQL Utilities 1.5\;C:\Program Files (x86)\MySQL\MySQL Fabric 1.5 & MySQL Utilities 1.5\Doctrine extensions for PHP\;C:\Program Files (x86)\Windows Live\Shared;C:\Program Files (x86)\Intel\OpenCL SDK\2.0\bin\x86;C:\Program Files (x86)\Intel\OpenCL SDK\2.0\bin\x64;C:\Program Files\TortoiseGit\bin;C:\Users\valer\AppData\Roaming\nvm;C:\Program Files\nodejs;C:\WINDOWS\System32\OpenSSH\;C:\Ruby23-x64\bin;C:\Users\valer\AppData\Local\Microsoft\WindowsApps;C:\Users\valer\AppData\Roaming\npm;C:\ProgramData\valer\atom\bin;C:\Users\valer\AppData\Roaming\nvm;C:\Program Files\nodejs;C:\Users\valer\AppData\Local\Microsoft\WindowsApps;
USERNAME=valer
OS=Windows_NT
PROCESSOR_IDENTIFIER=Intel64 Family 6 Model 58 Stepping 9, GenuineIntel



---------------  S Y S T E M  ---------------

OS: Windows 10.0 , 64 bit Build 17134 (10.0.17134.1)

CPU:total 8 (4 cores per cpu, 2 threads per core) family 6 model 58 stepping 9, cmov, cx8, fxsr, mmx, sse, sse2, sse3, ssse3, sse4.1, sse4.2, popcnt, avx, aes, clmul, erms, ht, tsc, tscinvbit, tscinv

Memory: 4k page, physical 16667984k(9193892k free), swap 19158352k(9461164k free)

vm_info: Java HotSpot(TM) 64-Bit Server VM (25.91-b14) for windows-amd64 JRE (1.8.0_91-b14), built on Apr  1 2016 00:58:32 by "java_re" with MS VC++ 10.0 (VS2010)

time: Sun Sep 02 17:13:48 2018
elapsed time: 14 seconds (0d 0h 0m 14s)

